[2025-07-26 20:56:39] [INFO] User selected Connect to Database operation
[2025-07-26 20:56:42] [INFO] Name 'db1' exists in '/home/tawfik/Desktop/ITI/DBMS_bash/core/../lib/../database'
[2025-07-26 20:56:43] [INFO] Connecting to database 'db1'
[2025-07-26 20:56:43] [INFO] Successfully connected to database 'db1'
[2025-07-26 20:56:43] [INFO] Entering DML interface for database 'db1'
[2025-07-26 20:56:43] [INFO] Showing DML menu options
[2025-07-26 20:56:45] [INFO] User selected Select Table operation
[2025-07-26 20:56:46] [INFO] Name 't1' exists in '/home/tawfik/Desktop/ITI/DBMS_bash/core/../database/db1'
[2025-07-26 20:56:46] [INFO] Entering table interface for 't1'
[2025-07-26 20:56:46] [INFO] Showing table menu options for 't1'
[2025-07-26 20:56:48] [INFO] User selected Filter Mod operation
[2025-07-26 20:56:48] [INFO] Entering DQL interface for database 'db1', table 't1'
[2025-07-26 20:56:48] [INFO] Displaying table data for 't1'
[2025-07-26 20:56:48] [INFO] Showing DQL menu options
[2025-07-26 20:57:02] [INFO] User selected Delete operation
[2025-07-26 20:57:02] [INFO] Starting delete operation for filtered rows in 't1'
[2025-07-26 20:57:02] [INFO] Preparing to delete 11 filtered rows
[2025-07-26 20:57:02] [INFO] Created backup: /home/tawfik/Desktop/ITI/DBMS_bash/core/../lib/../database/db1/t1.bak
[2025-07-26 20:57:02] [INFO] Successfully deleted 11 rows from 't1'
[2025-07-26 20:57:02] [INFO] Displaying table data for 't1'
[2025-07-26 20:57:02] [INFO] Showing DQL menu options
[2025-07-26 20:58:17] [INFO] User selected Delete operation
[2025-07-26 20:58:17] [INFO] Starting delete operation for filtered rows in 't1'
[2025-07-26 20:58:17] [INFO] Preparing to delete 11 filtered rows
[2025-07-26 20:58:17] [INFO] Created backup: /home/tawfik/Desktop/ITI/DBMS_bash/core/../lib/../database/db1/t1.bak
[2025-07-26 20:58:17] [INFO] Successfully deleted 11 rows from 't1'
[2025-07-26 20:58:17] [INFO] Displaying table data for 't1'
[2025-07-26 20:58:17] [INFO] Showing DQL menu options
[2025-07-26 20:58:19] [INFO] User selected Update operation
[2025-07-26 20:58:19] [INFO] Starting update operation for filtered rows in 't1'
[2025-07-26 20:58:24] [INFO] Updating field 'c1' to value '1' for filtered rows
[2025-07-26 20:58:24] [INFO] Successfully updated filtered rows in 't1'
[2025-07-26 20:58:24] [INFO] Displaying table data for 't1'
[2025-07-26 20:58:24] [INFO] Showing DQL menu options
[2025-07-26 20:58:30] [INFO] User selected Update operation
[2025-07-26 20:58:30] [INFO] Starting update operation for filtered rows in 't1'
[2025-07-26 20:58:34] [INFO] Updating field 'c1' to value '2' for filtered rows
[2025-07-26 20:58:34] [INFO] Successfully updated filtered rows in 't1'
[2025-07-26 20:58:34] [INFO] Displaying table data for 't1'
[2025-07-26 20:58:34] [INFO] Showing DQL menu options
[2025-07-26 20:58:40] [INFO] User selected Back, returning to previous menu
[2025-07-26 20:58:40] [INFO] Showing table menu options for 't1'
[2025-07-26 20:58:41] [INFO] User selected Filter Mod operation
[2025-07-26 20:58:41] [INFO] Entering DQL interface for database 'db1', table 't1'
[2025-07-26 20:58:41] [INFO] Displaying table data for 't1'
[2025-07-26 20:58:41] [INFO] Showing DQL menu options
[2025-07-26 20:58:42] [INFO] User selected Update operation
[2025-07-26 20:58:42] [INFO] Starting update operation for filtered rows in 't1'
[2025-07-26 20:58:50] [INFO] Updating field 'c3' to value '4' for filtered rows
[2025-07-26 20:58:50] [INFO] Successfully updated filtered rows in 't1'
[2025-07-26 20:58:50] [INFO] Displaying table data for 't1'
[2025-07-26 20:58:50] [INFO] Showing DQL menu options
[2025-07-26 20:59:01] [INFO] User selected Back, returning to previous menu
[2025-07-26 20:59:01] [INFO] Showing table menu options for 't1'
[2025-07-26 20:59:02] [INFO] User selected Filter Mod operation
[2025-07-26 20:59:02] [INFO] Entering DQL interface for database 'db1', table 't1'
[2025-07-26 20:59:02] [INFO] Displaying table data for 't1'
[2025-07-26 20:59:02] [INFO] Showing DQL menu options
[2025-07-26 20:59:04] [INFO] User selected Update operation
[2025-07-26 20:59:04] [INFO] Starting update operation for filtered rows in 't1'
[2025-07-26 20:59:12] [INFO] Updating field 'c3' to value '5' for filtered rows
[2025-07-26 20:59:12] [INFO] Successfully updated filtered rows in 't1'
[2025-07-26 20:59:12] [INFO] Displaying table data for 't1'
[2025-07-26 20:59:12] [INFO] Showing DQL menu options
[2025-07-26 20:59:14] [INFO] User selected Back, returning to previous menu
[2025-07-26 20:59:14] [INFO] Showing table menu options for 't1'
[2025-07-26 20:59:16] [INFO] User selected Back, returning to DML menu
[2025-07-26 20:59:16] [INFO] Showing DML menu options
[2025-07-26 20:59:18] [INFO] User selected Back, returning to previous menu
[2025-07-26 20:59:18] [INFO] Showing DDL menu options
[2025-07-26 20:59:19] [INFO] User selected Exit, terminating application
[2025-07-26 20:59:24] [INFO] Entering DDL interface
[2025-07-26 20:59:24] [INFO] Showing DDL menu options
[2025-07-26 20:59:25] [INFO] User selected Connect to Database operation
[2025-07-26 20:59:27] [INFO] Name 'db1' exists in '/home/tawfik/Desktop/ITI/DBMS_bash/core/../lib/../database'
[2025-07-26 20:59:27] [INFO] Connecting to database 'db1'
[2025-07-26 20:59:27] [INFO] Successfully connected to database 'db1'
[2025-07-26 20:59:27] [INFO] Entering DML interface for database 'db1'
[2025-07-26 20:59:27] [INFO] Showing DML menu options
[2025-07-26 20:59:28] [INFO] User selected List Tables operation
[2025-07-26 20:59:28] [INFO] Tables in database 'db1': t1
[2025-07-26 20:59:28] [INFO] Showing DML menu options
[2025-07-26 20:59:30] [INFO] User selected Select Table operation
[2025-07-26 20:59:33] [INFO] Name 't1' exists in '/home/tawfik/Desktop/ITI/DBMS_bash/core/../database/db1'
[2025-07-26 20:59:33] [INFO] Entering table interface for 't1'
[2025-07-26 20:59:33] [INFO] Showing table menu options for 't1'
[2025-07-26 20:59:35] [INFO] User selected Filter Mod operation
[2025-07-26 20:59:35] [INFO] Entering DQL interface for database 'db1', table 't1'
[2025-07-26 20:59:35] [INFO] Displaying table data for 't1'
[2025-07-26 20:59:35] [INFO] Showing DQL menu options
[2025-07-26 20:59:37] [INFO] User selected Update operation
[2025-07-26 20:59:37] [INFO] Starting update operation for filtered rows in 't1'
[2025-07-26 20:59:43] [INFO] Updating field 'c3' to value '9' for filtered rows
[2025-07-26 20:59:43] [INFO] Successfully updated filtered rows in 't1'
[2025-07-26 20:59:43] [INFO] Displaying table data for 't1'
[2025-07-26 20:59:43] [INFO] Showing DQL menu options
[2025-07-26 20:59:50] [INFO] User selected Delete operation
[2025-07-26 20:59:50] [INFO] Starting delete operation for filtered rows in 't1'
[2025-07-26 20:59:50] [INFO] Preparing to delete 11 filtered rows
[2025-07-26 20:59:50] [INFO] Created backup: /home/tawfik/Desktop/ITI/DBMS_bash/core/../lib/../database/db1/t1.bak
[2025-07-26 20:59:50] [INFO] Successfully deleted 11 rows from 't1'
[2025-07-26 20:59:50] [INFO] Displaying table data for 't1'
[2025-07-26 20:59:51] [INFO] Showing DQL menu options
[2025-07-26 20:59:59] [INFO] User selected Filter operation
[2025-07-26 20:59:59] [INFO] Starting filter operation for table 't1'
[2025-07-26 21:00:03] [INFO] Applying filter: field='c2', value='30'
[2025-07-26 21:00:03] [INFO] Filter applied, 2 rows remaining
[2025-07-26 21:00:05] [INFO] Displaying table data for 't1'
[2025-07-26 21:00:05] [INFO] Showing DQL menu options
[2025-07-26 21:00:21] [INFO] User selected Delete operation
[2025-07-26 21:00:21] [INFO] Starting delete operation for filtered rows in 't1'
[2025-07-26 21:00:21] [INFO] Preparing to delete 2 filtered rows
[2025-07-26 21:00:21] [INFO] Created backup: /home/tawfik/Desktop/ITI/DBMS_bash/core/../lib/../database/db1/t1.bak
[2025-07-26 21:00:22] [INFO] Successfully deleted 2 rows from 't1'
[2025-07-26 21:00:22] [INFO] Displaying table data for 't1'
[2025-07-26 21:00:22] [INFO] Showing DQL menu options
[2025-07-26 21:00:44] [INFO] User selected Delete operation
[2025-07-26 21:00:44] [INFO] Starting delete operation for filtered rows in 't1'
[2025-07-26 21:00:44] [INFO] Preparing to delete 9 filtered rows
[2025-07-26 21:00:44] [INFO] Created backup: /home/tawfik/Desktop/ITI/DBMS_bash/core/../lib/../database/db1/t1.bak
[2025-07-26 21:00:44] [INFO] Successfully deleted 9 rows from 't1'
[2025-07-26 21:00:44] [INFO] Displaying table data for 't1'
[2025-07-26 21:00:44] [INFO] Showing DQL menu options
[2025-07-26 21:02:38] [INFO] User selected Back, returning to previous menu
[2025-07-26 21:02:38] [INFO] Showing table menu options for 't1'
[2025-07-26 21:02:39] [INFO] User selected Back, returning to DML menu
[2025-07-26 21:02:39] [INFO] Showing DML menu options
[2025-07-26 21:02:40] [INFO] User selected Back, returning to previous menu
[2025-07-26 21:02:40] [INFO] Showing DDL menu options
[2025-07-26 21:02:41] [INFO] User selected Exit, terminating application
[2025-07-26 21:02:43] [INFO] Entering DDL interface
[2025-07-26 21:02:43] [INFO] Showing DDL menu options
[2025-07-26 21:02:45] [INFO] User selected Connect to Database operation
[2025-07-26 21:02:48] [INFO] Name 'db1' exists in '/home/tawfik/Desktop/ITI/DBMS_bash/core/../lib/../database'
[2025-07-26 21:02:48] [INFO] Connecting to database 'db1'
[2025-07-26 21:02:48] [INFO] Successfully connected to database 'db1'
[2025-07-26 21:02:48] [INFO] Entering DML interface for database 'db1'
[2025-07-26 21:02:48] [INFO] Showing DML menu options
[2025-07-26 21:02:49] [INFO] User selected Select Table operation
[2025-07-26 21:02:50] [INFO] Name 't1' exists in '/home/tawfik/Desktop/ITI/DBMS_bash/core/../database/db1'
[2025-07-26 21:02:50] [INFO] Entering table interface for 't1'
[2025-07-26 21:02:50] [INFO] Showing table menu options for 't1'
[2025-07-26 21:02:51] [INFO] User selected Filter Mod operation
[2025-07-26 21:02:51] [INFO] Entering DQL interface for database 'db1', table 't1'
[2025-07-26 21:02:51] [INFO] Displaying table data for 't1'
[2025-07-26 21:02:51] [INFO] Showing DQL menu options
[2025-07-26 21:02:54] [INFO] User selected Delete operation
[2025-07-26 21:02:54] [INFO] Starting delete operation for filtered rows in 't1'
[2025-07-26 21:02:54] [INFO] Preparing to delete 9 filtered rows
[2025-07-26 21:02:54] [INFO] Created backup: /home/tawfik/Desktop/ITI/DBMS_bash/core/../lib/../database/db1/t1.bak
[2025-07-26 21:02:54] [INFO] Showing table menu options for 't1'
[2025-07-26 21:08:21] [INFO] User selected Back, returning to DML menu
[2025-07-26 21:08:21] [INFO] Showing DML menu options
[2025-07-26 21:08:22] [INFO] User selected Back, returning to previous menu
[2025-07-26 21:08:22] [INFO] Showing DDL menu options
[2025-07-26 21:08:23] [INFO] User selected Exit, terminating application
[2025-07-26 21:08:27] [INFO] Entering DDL interface
[2025-07-26 21:08:27] [INFO] Showing DDL menu options
[2025-07-26 21:08:28] [INFO] User selected Connect to Database operation
[2025-07-26 21:08:30] [INFO] Name 'db1' exists in '/home/tawfik/Desktop/ITI/DBMS_bash/core/../lib/../database'
[2025-07-26 21:08:30] [INFO] Connecting to database 'db1'
[2025-07-26 21:08:30] [INFO] Successfully connected to database 'db1'
[2025-07-26 21:08:30] [INFO] Entering DML interface for database 'db1'
[2025-07-26 21:08:30] [INFO] Showing DML menu options
[2025-07-26 21:08:31] [INFO] User selected Select Table operation
[2025-07-26 21:08:31] [INFO] Name 't1' exists in '/home/tawfik/Desktop/ITI/DBMS_bash/core/../database/db1'
[2025-07-26 21:08:31] [INFO] Entering table interface for 't1'
[2025-07-26 21:08:31] [INFO] Showing table menu options for 't1'
[2025-07-26 21:08:33] [INFO] User selected Filter Mod operation
[2025-07-26 21:08:33] [INFO] Entering DQL interface for database 'db1', table 't1'
[2025-07-26 21:08:33] [INFO] Displaying table data for 't1'
[2025-07-26 21:08:33] [INFO] Showing DQL menu options
[2025-07-26 21:08:37] [INFO] User selected Delete operation
[2025-07-26 21:08:37] [INFO] Starting delete operation for filtered rows in 't1'
[2025-07-26 21:08:37] [INFO] Preparing to delete 9 filtered rows
[2025-07-26 21:08:37] [INFO] Created backup: /home/tawfik/Desktop/ITI/DBMS_bash/core/../lib/../database/db1/t1.bak
[2025-07-26 21:08:37] [INFO] Showing table menu options for 't1'
[2025-07-26 21:09:08] [INFO] User selected Back, returning to DML menu
[2025-07-26 21:09:08] [INFO] Showing DML menu options
[2025-07-26 21:09:08] [INFO] User selected Back, returning to previous menu
[2025-07-26 21:09:08] [INFO] Showing DDL menu options
[2025-07-26 21:09:10] [INFO] User selected Exit, terminating application
[2025-07-26 21:09:15] [INFO] Entering DDL interface
[2025-07-26 21:09:15] [INFO] Showing DDL menu options
[2025-07-26 21:09:18] [INFO] User selected Connect to Database operation
[2025-07-26 21:09:19] [INFO] Name 'db1' exists in '/home/tawfik/Desktop/ITI/DBMS_bash/core/../lib/../database'
[2025-07-26 21:09:19] [INFO] Connecting to database 'db1'
[2025-07-26 21:09:19] [INFO] Successfully connected to database 'db1'
[2025-07-26 21:09:19] [INFO] Entering DML interface for database 'db1'
[2025-07-26 21:09:19] [INFO] Showing DML menu options
[2025-07-26 21:09:21] [INFO] User selected Select Table operation
[2025-07-26 21:09:22] [INFO] Name 't1' exists in '/home/tawfik/Desktop/ITI/DBMS_bash/core/../database/db1'
[2025-07-26 21:09:22] [INFO] Entering table interface for 't1'
[2025-07-26 21:09:22] [INFO] Showing table menu options for 't1'
[2025-07-26 21:09:23] [INFO] User selected Filter Mod operation
[2025-07-26 21:09:23] [INFO] Entering DQL interface for database 'db1', table 't1'
[2025-07-26 21:09:23] [INFO] Displaying table data for 't1'
[2025-07-26 21:09:23] [INFO] Showing DQL menu options
[2025-07-26 21:09:24] [INFO] User selected Delete operation
[2025-07-26 21:09:24] [INFO] Starting delete operation for filtered rows in 't1'
[2025-07-26 21:09:24] [INFO] Preparing to delete 9 filtered rows
[2025-07-26 21:09:24] [INFO] Created backup: /home/tawfik/Desktop/ITI/DBMS_bash/core/../lib/../database/db1/t1.bak
[2025-07-26 21:09:24] [INFO] Showing table menu options for 't1'
[2025-07-26 21:10:07] [INFO] User selected Back, returning to DML menu
[2025-07-26 21:10:07] [INFO] Showing DML menu options
[2025-07-26 21:10:08] [INFO] User selected Back, returning to previous menu
[2025-07-26 21:10:08] [INFO] Showing DDL menu options
[2025-07-26 21:10:08] [INFO] User selected Exit, terminating application
[2025-07-26 21:11:46] [INFO] Entering DDL interface
[2025-07-26 21:11:46] [INFO] Showing DDL menu options
[2025-07-26 21:11:47] [INFO] User selected Connect to Database operation
[2025-07-26 21:11:49] [INFO] Name 'db1' exists in '/home/tawfik/Desktop/ITI/DBMS_bash/core/../lib/../database'
[2025-07-26 21:11:49] [INFO] Connecting to database 'db1'
[2025-07-26 21:11:49] [INFO] Successfully connected to database 'db1'
[2025-07-26 21:11:49] [INFO] Entering DML interface for database 'db1'
[2025-07-26 21:11:49] [INFO] Showing DML menu options
[2025-07-26 21:11:50] [INFO] User selected Select Table operation
[2025-07-26 21:11:50] [INFO] Name 't1' exists in '/home/tawfik/Desktop/ITI/DBMS_bash/core/../database/db1'
[2025-07-26 21:11:50] [INFO] Entering table interface for 't1'
[2025-07-26 21:11:50] [INFO] Showing table menu options for 't1'
[2025-07-26 21:11:51] [INFO] User selected Filter Mod operation
[2025-07-26 21:11:51] [INFO] Entering DQL interface for database 'db1', table 't1'
[2025-07-26 21:11:51] [INFO] Displaying table data for 't1'
[2025-07-26 21:11:51] [INFO] Showing DQL menu options
[2025-07-26 21:11:53] [INFO] User selected Delete operation
[2025-07-26 21:11:53] [INFO] Starting delete operation for filtered rows in 't1'
[2025-07-26 21:11:53] [INFO] Preparing to delete 9 filtered rows
[2025-07-26 21:11:53] [INFO] Created backup: /home/tawfik/Desktop/ITI/DBMS_bash/core/../lib/../database/db1/t1.bak
[2025-07-26 21:11:53] [INFO] Successfully deleted 9 rows from 't1'
[2025-07-26 21:11:53] [INFO] Displaying table data for 't1'
[2025-07-26 21:11:53] [INFO] Showing DQL menu options
[2025-07-26 21:14:14] [INFO] User selected Back, returning to previous menu
[2025-07-26 21:14:14] [INFO] Showing table menu options for 't1'
[2025-07-26 21:14:15] [INFO] User selected Back, returning to DML menu
[2025-07-26 21:14:15] [INFO] Showing DML menu options
[2025-07-26 21:14:16] [INFO] User selected Back, returning to previous menu
[2025-07-26 21:14:16] [INFO] Showing DDL menu options
[2025-07-26 21:14:16] [INFO] User selected Exit, terminating application
[2025-07-26 21:14:25] [INFO] Entering DDL interface
[2025-07-26 21:14:25] [INFO] Showing DDL menu options
[2025-07-26 21:14:26] [INFO] User selected Connect to Database operation
[2025-07-26 21:14:28] [INFO] Name 'db1' exists in '/home/tawfik/Desktop/ITI/DBMS_bash/core/../lib/../database'
[2025-07-26 21:14:28] [INFO] Connecting to database 'db1'
[2025-07-26 21:14:28] [INFO] Successfully connected to database 'db1'
[2025-07-26 21:14:28] [INFO] Entering DML interface for database 'db1'
[2025-07-26 21:14:28] [INFO] Showing DML menu options
[2025-07-26 21:14:30] [INFO] User selected Select Table operation
[2025-07-26 21:14:30] [INFO] Name 't1' exists in '/home/tawfik/Desktop/ITI/DBMS_bash/core/../database/db1'
[2025-07-26 21:14:30] [INFO] Entering table interface for 't1'
[2025-07-26 21:14:30] [INFO] Showing table menu options for 't1'
[2025-07-26 21:14:33] [INFO] User selected Filter Mod operation
[2025-07-26 21:14:33] [INFO] Entering DQL interface for database 'db1', table 't1'
[2025-07-26 21:14:33] [INFO] Displaying table data for 't1'
[2025-07-26 21:14:33] [INFO] Showing DQL menu options
[2025-07-26 21:14:45] [INFO] User selected Filter operation
[2025-07-26 21:14:45] [INFO] Starting filter operation for table 't1'
[2025-07-26 21:14:47] [INFO] Applying filter: field='c1', value='2'
[2025-07-26 21:14:47] [INFO] Filter applied, 9 rows remaining
[2025-07-26 21:14:49] [INFO] Displaying table data for 't1'
[2025-07-26 21:14:49] [INFO] Showing DQL menu options
[2025-07-26 21:15:00] [INFO] User selected Delete operation
[2025-07-26 21:15:00] [INFO] Starting delete operation for filtered rows in 't1'
[2025-07-26 21:15:00] [INFO] Preparing to delete 9 filtered rows
[2025-07-26 21:15:00] [INFO] Created backup: /home/tawfik/Desktop/ITI/DBMS_bash/core/../lib/../database/db1/t1.bak
[2025-07-26 21:15:00] [INFO] Showing table menu options for 't1'
[2025-07-26 21:15:23] [INFO] User selected Filter Mod operation
[2025-07-26 21:15:24] [INFO] Entering DQL interface for database 'db1', table 't1'
[2025-07-26 21:15:24] [INFO] Displaying table data for 't1'
[2025-07-26 21:15:24] [INFO] Showing DQL menu options
[2025-07-26 21:15:33] [INFO] User selected Back, returning to previous menu
[2025-07-26 21:15:33] [INFO] Showing table menu options for 't1'
[2025-07-26 21:15:34] [INFO] User selected Filter Mod operation
[2025-07-26 21:15:34] [INFO] Entering DQL interface for database 'db1', table 't1'
[2025-07-26 21:15:34] [INFO] Displaying table data for 't1'
[2025-07-26 21:15:34] [INFO] Showing DQL menu options
[2025-07-26 21:15:40] [INFO] User selected Filter operation
[2025-07-26 21:15:40] [INFO] Starting filter operation for table 't1'
[2025-07-26 21:15:43] [INFO] Applying filter: field='c1', value='2'
[2025-07-26 21:15:43] [INFO] Filter applied, 8 rows remaining
[2025-07-26 21:15:45] [INFO] Displaying table data for 't1'
[2025-07-26 21:15:45] [INFO] Showing DQL menu options
[2025-07-26 21:15:48] [INFO] User selected Delete operation
[2025-07-26 21:15:48] [INFO] Starting delete operation for filtered rows in 't1'
[2025-07-26 21:15:48] [INFO] Preparing to delete 8 filtered rows
[2025-07-26 21:15:48] [INFO] Created backup: /home/tawfik/Desktop/ITI/DBMS_bash/core/../lib/../database/db1/t1.bak
[2025-07-26 21:15:48] [INFO] Successfully deleted 8 rows from 't1'
[2025-07-26 21:15:48] [INFO] Displaying table data for 't1'
[2025-07-26 21:15:48] [INFO] Showing DQL menu options
[2025-07-26 21:15:55] [INFO] User selected Back, returning to previous menu
[2025-07-26 21:15:55] [INFO] Showing table menu options for 't1'
[2025-07-26 21:15:56] [INFO] User selected Back, returning to DML menu
[2025-07-26 21:15:56] [INFO] Showing DML menu options
[2025-07-26 21:15:57] [INFO] User selected Back, returning to previous menu
[2025-07-26 21:15:57] [INFO] Showing DDL menu options
[2025-07-26 21:15:58] [INFO] User selected Exit, terminating application
[2025-07-26 21:16:09] [INFO] Entering DDL interface
[2025-07-26 21:16:09] [INFO] Showing DDL menu options
[2025-07-26 21:16:11] [INFO] User selected Connect to Database operation
[2025-07-26 21:16:12] [INFO] Name 'db1' exists in '/home/tawfik/Desktop/ITI/DBMS_bash/core/../lib/../database'
[2025-07-26 21:16:12] [INFO] Connecting to database 'db1'
[2025-07-26 21:16:12] [INFO] Successfully connected to database 'db1'
[2025-07-26 21:16:12] [INFO] Entering DML interface for database 'db1'
[2025-07-26 21:16:12] [INFO] Showing DML menu options
[2025-07-26 21:16:14] [INFO] User selected Select Table operation
[2025-07-26 21:16:15] [INFO] Name 't1' exists in '/home/tawfik/Desktop/ITI/DBMS_bash/core/../database/db1'
[2025-07-26 21:16:15] [INFO] Entering table interface for 't1'
[2025-07-26 21:16:15] [INFO] Showing table menu options for 't1'
[2025-07-26 21:16:16] [INFO] User selected Filter Mod operation
[2025-07-26 21:16:16] [INFO] Entering DQL interface for database 'db1', table 't1'
[2025-07-26 21:16:16] [INFO] Displaying table data for 't1'
[2025-07-26 21:16:16] [INFO] Showing DQL menu options
[2025-07-26 21:16:23] [INFO] User selected Filter operation
[2025-07-26 21:16:23] [INFO] Starting filter operation for table 't1'
[2025-07-26 21:16:27] [INFO] Applying filter: field='c1', value='2'
[2025-07-26 21:16:27] [INFO] Filter applied, 8 rows remaining
[2025-07-26 21:16:29] [INFO] Displaying table data for 't1'
[2025-07-26 21:16:29] [INFO] Showing DQL menu options
[2025-07-26 21:16:35] [INFO] User selected Delete operation
[2025-07-26 21:16:35] [INFO] Starting delete operation for filtered rows in 't1'
[2025-07-26 21:16:35] [INFO] Preparing to delete 8 filtered rows
[2025-07-26 21:16:35] [INFO] Created backup: /home/tawfik/Desktop/ITI/DBMS_bash/core/../lib/../database/db1/t1.bak
[2025-07-26 21:16:35] [INFO] Successfully deleted 8 rows from 't1'
[2025-07-26 21:16:35] [INFO] Displaying table data for 't1'
[2025-07-26 21:16:35] [INFO] Showing DQL menu options
[2025-07-26 21:17:12] [INFO] User selected Back, returning to previous menu
[2025-07-26 21:17:12] [INFO] Showing table menu options for 't1'
[2025-07-26 21:17:13] [INFO] User selected Back, returning to DML menu
[2025-07-26 21:17:13] [INFO] Showing DML menu options
[2025-07-26 21:17:14] [INFO] User selected Back, returning to previous menu
[2025-07-26 21:17:14] [INFO] Showing DDL menu options
[2025-07-26 21:17:15] [INFO] User selected Exit, terminating application
[2025-07-26 21:17:19] [INFO] Entering DDL interface
[2025-07-26 21:17:19] [INFO] Showing DDL menu options
[2025-07-26 21:17:28] [INFO] User selected Connect to Database operation
[2025-07-26 21:17:30] [INFO] Name 'db1' exists in '/home/tawfik/Desktop/ITI/DBMS_bash/core/../lib/../database'
[2025-07-26 21:17:30] [INFO] Connecting to database 'db1'
[2025-07-26 21:17:30] [INFO] Successfully connected to database 'db1'
[2025-07-26 21:17:30] [INFO] Entering DML interface for database 'db1'
[2025-07-26 21:17:30] [INFO] Showing DML menu options
[2025-07-26 21:17:34] [INFO] User selected Select Table operation
[2025-07-26 21:17:35] [INFO] Name 't1' exists in '/home/tawfik/Desktop/ITI/DBMS_bash/core/../database/db1'
[2025-07-26 21:17:35] [INFO] Entering table interface for 't1'
[2025-07-26 21:17:35] [INFO] Showing table menu options for 't1'
[2025-07-26 21:17:37] [INFO] User selected Filter Mod operation
[2025-07-26 21:17:37] [INFO] Entering DQL interface for database 'db1', table 't1'
[2025-07-26 21:17:37] [INFO] Displaying table data for 't1'
[2025-07-26 21:17:37] [INFO] Showing DQL menu options
[2025-07-26 21:17:39] [INFO] User selected Delete operation
[2025-07-26 21:17:39] [INFO] Starting delete operation for filtered rows in 't1'
[2025-07-26 21:17:39] [INFO] Preparing to delete 9 filtered rows
[2025-07-26 21:17:39] [INFO] Created backup: /home/tawfik/Desktop/ITI/DBMS_bash/core/../lib/../database/db1/t1.bak
[2025-07-26 21:17:39] [INFO] Showing table menu options for 't1'
[2025-07-26 21:18:34] [INFO] User selected Back, returning to DML menu
[2025-07-26 21:18:34] [INFO] Showing DML menu options
[2025-07-26 21:18:35] [INFO] User selected Back, returning to previous menu
[2025-07-26 21:18:35] [INFO] Showing DDL menu options
[2025-07-26 21:18:36] [INFO] User selected Exit, terminating application
[2025-07-26 21:18:40] [INFO] Entering DDL interface
[2025-07-26 21:18:40] [INFO] Showing DDL menu options
[2025-07-26 21:18:41] [INFO] User selected Connect to Database operation
[2025-07-26 21:18:42] [INFO] Name 'db1' exists in '/home/tawfik/Desktop/ITI/DBMS_bash/core/../lib/../database'
[2025-07-26 21:18:42] [INFO] Connecting to database 'db1'
[2025-07-26 21:18:42] [INFO] Successfully connected to database 'db1'
[2025-07-26 21:18:42] [INFO] Entering DML interface for database 'db1'
[2025-07-26 21:18:42] [INFO] Showing DML menu options
[2025-07-26 21:18:43] [INFO] User selected Select Table operation
[2025-07-26 21:18:45] [INFO] Name 't1' exists in '/home/tawfik/Desktop/ITI/DBMS_bash/core/../database/db1'
[2025-07-26 21:18:45] [INFO] Entering table interface for 't1'
[2025-07-26 21:18:45] [INFO] Showing table menu options for 't1'
[2025-07-26 21:18:46] [INFO] User selected Filter Mod operation
[2025-07-26 21:18:46] [INFO] Entering DQL interface for database 'db1', table 't1'
[2025-07-26 21:18:46] [INFO] Displaying table data for 't1'
[2025-07-26 21:18:46] [INFO] Showing DQL menu options
[2025-07-26 21:18:50] [INFO] User selected Delete operation
[2025-07-26 21:18:50] [INFO] Starting delete operation for filtered rows in 't1'
[2025-07-26 21:18:50] [INFO] Preparing to delete 9 filtered rows
[2025-07-26 21:18:50] [INFO] Created backup: /home/tawfik/Desktop/ITI/DBMS_bash/core/../lib/../database/db1/t1.bak
[2025-07-26 21:18:50] [INFO] Showing table menu options for 't1'
[2025-07-26 21:35:30] [INFO] User selected Back, returning to DML menu
[2025-07-26 21:35:30] [INFO] Showing DML menu options
[2025-07-26 21:35:31] [INFO] User selected Back, returning to previous menu
[2025-07-26 21:35:31] [INFO] Showing DDL menu options
[2025-07-26 21:35:32] [INFO] User selected Exit, terminating application
[2025-07-26 21:35:34] [INFO] Entering DDL interface
[2025-07-26 21:35:34] [INFO] Showing DDL menu options
[2025-07-26 21:35:40] [INFO] User selected Connect to Database operation
[2025-07-26 21:35:42] [INFO] Name 'db1' exists in '/home/tawfik/Desktop/ITI/DBMS_bash/core/../lib/../database'
[2025-07-26 21:35:42] [INFO] Connecting to database 'db1'
[2025-07-26 21:35:42] [INFO] Successfully connected to database 'db1'
[2025-07-26 21:35:42] [INFO] Entering DML interface for database 'db1'
[2025-07-26 21:35:42] [INFO] Showing DML menu options
[2025-07-26 21:35:43] [INFO] User selected Select Table operation
[2025-07-26 21:35:44] [INFO] Name 't1' exists in '/home/tawfik/Desktop/ITI/DBMS_bash/core/../database/db1'
[2025-07-26 21:35:44] [INFO] Entering table interface for 't1'
[2025-07-26 21:35:44] [INFO] Showing table menu options for 't1'
[2025-07-26 21:35:45] [INFO] User selected Filter Mod operation
[2025-07-26 21:35:45] [INFO] Entering DQL interface for database 'db1', table 't1'
[2025-07-26 21:35:45] [INFO] Displaying table data for 't1'
[2025-07-26 21:35:45] [INFO] Showing DQL menu options
[2025-07-26 21:35:50] [INFO] User selected Filter operation
[2025-07-26 21:35:50] [INFO] Starting filter operation for table 't1'
[2025-07-26 21:35:54] [INFO] Applying filter: field='c1', value='56'
[2025-07-26 21:35:54] [INFO] Filter applied, 0 rows remaining
[2025-07-26 21:35:54] [WARNING] No matching rows found after filter
[2025-07-26 21:35:54] [INFO] Showing DQL menu options
[2025-07-26 21:36:04] [INFO] User selected Delete operation
[2025-07-26 21:36:04] [INFO] Starting delete operation for filtered rows in 't1'
[2025-07-26 21:36:04] [WARNING] No filtered rows to delete
[2025-07-26 21:36:04] [INFO] Showing DQL menu options
[2025-07-26 21:36:09] [INFO] User selected Filter operation
[2025-07-26 21:36:09] [INFO] Starting filter operation for table 't1'
[2025-07-26 21:36:17] [INFO] Applying filter: field='c1', value='566'
[2025-07-26 21:36:17] [INFO] Filter applied, 0 rows remaining
[2025-07-26 21:36:17] [WARNING] No matching rows found after filter
[2025-07-26 21:36:17] [INFO] Showing DQL menu options
[2025-07-26 21:36:35] [INFO] User selected Delete operation
[2025-07-26 21:36:35] [INFO] Starting delete operation for filtered rows in 't1'
[2025-07-26 21:36:35] [WARNING] No filtered rows to delete
[2025-07-26 21:36:35] [INFO] Showing DQL menu options
[2025-07-26 21:39:27] [INFO] User selected Back, returning to previous menu
[2025-07-26 21:39:27] [INFO] Showing table menu options for 't1'
[2025-07-26 21:39:28] [INFO] User selected Back, returning to DML menu
[2025-07-26 21:39:28] [INFO] Showing DML menu options
[2025-07-26 21:39:29] [INFO] User selected Back, returning to previous menu
[2025-07-26 21:39:29] [INFO] Showing DDL menu options
[2025-07-26 21:39:30] [INFO] User selected Exit, terminating application
[2025-07-26 21:39:37] [INFO] Entering DDL interface
[2025-07-26 21:39:37] [INFO] Showing DDL menu options
[2025-07-26 21:39:38] [INFO] User selected Connect to Database operation
[2025-07-26 21:39:39] [INFO] Name 'db1' exists in '/home/tawfik/Desktop/ITI/DBMS_bash/core/../lib/../database'
[2025-07-26 21:39:39] [INFO] Connecting to database 'db1'
[2025-07-26 21:39:40] [INFO] Successfully connected to database 'db1'
[2025-07-26 21:39:40] [INFO] Entering DML interface for database 'db1'
[2025-07-26 21:39:40] [INFO] Showing DML menu options
[2025-07-26 21:39:41] [INFO] User selected Select Table operation
[2025-07-26 21:39:41] [INFO] Name 't1' exists in '/home/tawfik/Desktop/ITI/DBMS_bash/core/../database/db1'
[2025-07-26 21:39:41] [INFO] Entering table interface for 't1'
[2025-07-26 21:39:41] [INFO] Showing table menu options for 't1'
[2025-07-26 21:39:43] [INFO] User selected Filter Mod operation
[2025-07-26 21:39:43] [INFO] Entering DQL interface for database 'db1', table 't1'
[2025-07-26 21:39:43] [INFO] Displaying table data for 't1'
[2025-07-26 21:39:43] [INFO] Showing DQL menu options
[2025-07-26 21:39:45] [INFO] User selected Delete operation
[2025-07-26 21:39:45] [INFO] Starting delete operation for filtered rows in 't1'
[2025-07-26 21:39:45] [INFO] Preparing to delete 9 filtered rows
[2025-07-26 21:39:45] [INFO] Created backup: /home/tawfik/Desktop/ITI/DBMS_bash/core/../lib/../database/db1/t1.bak
[2025-07-26 21:39:45] [deleting all the data in the table] 
[2025-07-26 21:39:45] [INFO] Successfully deleted 9 rows from 't1'
[2025-07-26 21:39:45] [INFO] Displaying table data for 't1'
[2025-07-26 21:39:45] [INFO] Showing DQL menu options
[2025-07-26 21:45:56] [INFO] User selected Back, returning to previous menu
[2025-07-26 21:45:56] [INFO] Showing table menu options for 't1'
[2025-07-26 21:45:58] [INFO] User selected Back, returning to DML menu
[2025-07-26 21:45:58] [INFO] Showing DML menu options
[2025-07-26 21:45:58] [INFO] User selected Back, returning to previous menu
[2025-07-26 21:45:58] [INFO] Showing DDL menu options
[2025-07-26 21:45:59] [INFO] User selected Exit, terminating application
